#
# There is insufficient memory for the Java Runtime Environment to continue.
# Native memory allocation (mmap) failed to map 132120576 bytes for G1 virtual space
# Possible reasons:
#   The system is out of physical RAM or swap space
#   The process is running with CompressedOops enabled, and the Java Heap may be blocking the growth of the native heap
# Possible solutions:
#   Reduce memory load on the system
#   Increase physical memory or swap space
#   Check if swap backing store is full
#   Decrease Java heap size (-Xmx/-Xms)
#   Decrease number of Java threads
#   Decrease Java thread stack sizes (-Xss)
#   Set larger code cache with -XX:ReservedCodeCacheSize=
#   JVM is running with Unscaled Compressed Oops mode in which the Java heap is
#     placed in the first 4GB address space. The Java Heap base address is the
#     maximum limit for the native heap growth. Please use -XX:HeapBaseMinAddress
#     to set the Java Heap base and to place the Java Heap above 4GB virtual address.
# This output file may be truncated or incomplete.
#
#  Out of Memory Error (os_windows.cpp:3559), pid=18448, tid=13424
#
# JRE version:  (17.0.7+7) (build )
# Java VM: OpenJDK 64-Bit Server VM (17.0.7+7, mixed mode, sharing, tiered, compressed oops, compressed class ptrs, g1 gc, windows-amd64)
# No core dump will be written. Minidumps are not enabled by default on client versions of Windows
#

---------------  S U M M A R Y ------------

Command Line: -Dfile.encoding=UTF-8 -XX:+ShowCodeDetailsInExceptionMessages com.candella.utility.PaymentUtility

Host: Intel(R) Core(TM) i3-10110U CPU @ 2.10GHz, 4 cores, 7G,  Windows 11 , 64 bit Build 22621 (10.0.22621.1928)
Time: Tue Aug  8 21:35:59 2023 India Standard Time elapsed time: 0.014062 seconds (0d 0h 0m 0s)

---------------  T H R E A D  ---------------

Current thread (0x00000248505c3af0):  JavaThread "Unknown thread" [_thread_in_vm, id=13424, stack(0x000000f89f700000,0x000000f89f800000)]

Stack: [0x000000f89f700000,0x000000f89f800000]
Native frames: (J=compiled Java code, j=interpreted, Vv=VM code, C=native code)
V  [jvm.dll+0x67754a]
V  [jvm.dll+0x834304]
V  [jvm.dll+0x835aae]
V  [jvm.dll+0x836113]
V  [jvm.dll+0x24696f]
V  [jvm.dll+0x6743f9]
V  [jvm.dll+0x668c8a]
V  [jvm.dll+0x3061bb]
V  [jvm.dll+0x30d6a6]
V  [jvm.dll+0x35cece]
V  [jvm.dll+0x35d0ff]
V  [jvm.dll+0x2dd048]
V  [jvm.dll+0x2ddfb4]
V  [jvm.dll+0x8066d1]
V  [jvm.dll+0x36ac91]
V  [jvm.dll+0x7e5cec]
V  [jvm.dll+0x3ed56f]
V  [jvm.dll+0x3ef0a1]
C  [jli.dll+0x528b]
C  [ucrtbase.dll+0x29363]
C  [KERNEL32.DLL+0x126ad]
C  [ntdll.dll+0x5aa68]


---------------  P R O C E S S  ---------------

Threads class SMR info:
_java_thread_list=0x00007ffa2bd77018, length=0, elements={
}

Java Threads: ( => current thread )

Other Threads:
  0x0000024850620ed0 GCTaskThread "GC Thread#0" [stack: 0x000000f89f800000,0x000000f89f900000] [id=13116]
  0x0000024850633220 ConcurrentGCThread "G1 Main Marker" [stack: 0x000000f89f900000,0x000000f89fa00000] [id=12372]
  0x0000024850633c30 ConcurrentGCThread "G1 Conc#0" [stack: 0x000000f89fa00000,0x000000f89fb00000] [id=21484]

[error occurred during error reporting (printing all threads), id 0xc0000005, EXCEPTION_ACCESS_VIOLATION (0xc0000005) at pc=0x00007ffa2b54daf7]

VM state: not at safepoint (not fully initialized)

VM Mutex/Monitor currently owned by a thread:  ([mutex/lock_event])
[0x00000248505bf190] Heap_lock - owner thread: 0x00000248505c3af0

Heap address: 0x0000000082800000, size: 2008 MB, Compressed Oops mode: 32-bit

CDS archive(s) mapped at: [0x0000000000000000-0x0000000000000000-0x0000000000000000), size 0, SharedBaseAddress: 0x0000000800000000, ArchiveRelocationMode: 0.
Narrow klass base: 0x0000000000000000, Narrow klass shift: 0, Narrow klass range: 0x0

GC Precious Log:
<Empty>

Heap:
 garbage-first heap   total 0K, used 0K [0x0000000082800000, 0x0000000100000000)
  region size 1024K, 0 young (0K), 0 survivors (0K)

[error occurred during error reporting (printing heap information), id 0xc0000005, EXCEPTION_ACCESS_VIOLATION (0xc0000005) at pc=0x00007ffa2b930db9]

GC Heap History (0 events):
No events

Dll operation events (1 events):
Event: 0.008 Loaded shared library C:\Users\shaba\.p2\pool\plugins\org.eclipse.justj.openjdk.hotspot.jre.full.win32.x86_64_17.0.7.v20230425-1502\jre\bin\java.dll

Deoptimization events (0 events):
No events

Classes unloaded (0 events):
No events

Classes redefined (0 events):
No events

Internal exceptions (0 events):
No events

VM Operations (0 events):
No events

Events (0 events):
No events


Dynamic libraries:
0x00007ff68e7a0000 - 0x00007ff68e7ae000 	C:\Users\shaba\.p2\pool\plugins\org.eclipse.justj.openjdk.hotspot.jre.full.win32.x86_64_17.0.7.v20230425-1502\jre\bin\javaw.exe
0x00007ffa80350000 - 0x00007ffa80564000 	C:\WINDOWS\SYSTEM32\ntdll.dll
0x00007ffa7ee90000 - 0x00007ffa7ef52000 	C:\WINDOWS\System32\KERNEL32.DLL
0x00007ffa7d750000 - 0x00007ffa7daf3000 	C:\WINDOWS\System32\KERNELBASE.dll
0x00007ffa7dc90000 - 0x00007ffa7dda1000 	C:\WINDOWS\System32\ucrtbase.dll
0x00007ffa74160000 - 0x00007ffa74177000 	C:\Users\shaba\.p2\pool\plugins\org.eclipse.justj.openjdk.hotspot.jre.full.win32.x86_64_17.0.7.v20230425-1502\jre\bin\jli.dll
0x00007ffa7ec30000 - 0x00007ffa7edda000 	C:\WINDOWS\System32\USER32.dll
0x00007ffa7dfe0000 - 0x00007ffa7e006000 	C:\WINDOWS\System32\win32u.dll
0x00007ffa7e130000 - 0x00007ffa7e159000 	C:\WINDOWS\System32\GDI32.dll
0x00007ffa7e010000 - 0x00007ffa7e129000 	C:\WINDOWS\System32\gdi32full.dll
0x00007ffa7db00000 - 0x00007ffa7db9a000 	C:\WINDOWS\System32\msvcp_win.dll
0x00007ffa6a500000 - 0x00007ffa6a519000 	C:\Users\shaba\.p2\pool\plugins\org.eclipse.justj.openjdk.hotspot.jre.full.win32.x86_64_17.0.7.v20230425-1502\jre\bin\VCRUNTIME140.dll
0x00007ffa654b0000 - 0x00007ffa6573e000 	C:\WINDOWS\WinSxS\amd64_microsoft.windows.common-controls_6595b64144ccf1df_6.0.22621.1635_none_270f70857386168e\COMCTL32.dll
0x00007ffa801b0000 - 0x00007ffa80257000 	C:\WINDOWS\System32\msvcrt.dll
0x00007ffa7e910000 - 0x00007ffa7e941000 	C:\WINDOWS\System32\IMM32.DLL
0x00007ffa6af00000 - 0x00007ffa6af0c000 	C:\Users\shaba\.p2\pool\plugins\org.eclipse.justj.openjdk.hotspot.jre.full.win32.x86_64_17.0.7.v20230425-1502\jre\bin\vcruntime140_1.dll
0x00007ffa40f70000 - 0x00007ffa41001000 	C:\Users\shaba\.p2\pool\plugins\org.eclipse.justj.openjdk.hotspot.jre.full.win32.x86_64_17.0.7.v20230425-1502\jre\bin\msvcp140.dll
0x00007ffa2b260000 - 0x00007ffa2bea8000 	C:\Users\shaba\.p2\pool\plugins\org.eclipse.justj.openjdk.hotspot.jre.full.win32.x86_64_17.0.7.v20230425-1502\jre\bin\server\jvm.dll
0x00007ffa80260000 - 0x00007ffa8030e000 	C:\WINDOWS\System32\ADVAPI32.dll
0x00007ffa7ede0000 - 0x00007ffa7ee84000 	C:\WINDOWS\System32\sechost.dll
0x00007ffa7e270000 - 0x00007ffa7e387000 	C:\WINDOWS\System32\RPCRT4.dll
0x00007ffa69480000 - 0x00007ffa69489000 	C:\WINDOWS\SYSTEM32\WSOCK32.dll
0x00007ffa7f1f0000 - 0x00007ffa7f261000 	C:\WINDOWS\System32\WS2_32.dll
0x00007ffa72ac0000 - 0x00007ffa72af4000 	C:\WINDOWS\SYSTEM32\WINMM.dll
0x00007ffa71ca0000 - 0x00007ffa71caa000 	C:\WINDOWS\SYSTEM32\VERSION.dll
0x00007ffa7c790000 - 0x00007ffa7c7a8000 	C:\WINDOWS\SYSTEM32\kernel.appcore.dll
0x00007ffa75060000 - 0x00007ffa7506a000 	C:\Users\shaba\.p2\pool\plugins\org.eclipse.justj.openjdk.hotspot.jre.full.win32.x86_64_17.0.7.v20230425-1502\jre\bin\jimage.dll
0x00007ffa780f0000 - 0x00007ffa7831e000 	C:\WINDOWS\SYSTEM32\DBGHELP.DLL
0x00007ffa7f430000 - 0x00007ffa7f7b9000 	C:\WINDOWS\System32\combase.dll
0x00007ffa7f110000 - 0x00007ffa7f1e7000 	C:\WINDOWS\System32\OLEAUT32.dll
0x00007ffa61150000 - 0x00007ffa61182000 	C:\WINDOWS\SYSTEM32\dbgcore.DLL
0x00007ffa7dba0000 - 0x00007ffa7dc1a000 	C:\WINDOWS\System32\bcryptPrimitives.dll
0x00007ffa662e0000 - 0x00007ffa66305000 	C:\Users\shaba\.p2\pool\plugins\org.eclipse.justj.openjdk.hotspot.jre.full.win32.x86_64_17.0.7.v20230425-1502\jre\bin\java.dll

dbghelp: loaded successfully - version: 4.0.5 - missing functions: none
symbol engine: initialized successfully - sym options: 0x614 - pdb path: .;C:\Users\shaba\.p2\pool\plugins\org.eclipse.justj.openjdk.hotspot.jre.full.win32.x86_64_17.0.7.v20230425-1502\jre\bin;C:\WINDOWS\SYSTEM32;C:\WINDOWS\WinSxS\amd64_microsoft.windows.common-controls_6595b64144ccf1df_6.0.22621.1635_none_270f70857386168e;C:\Users\shaba\.p2\pool\plugins\org.eclipse.justj.openjdk.hotspot.jre.full.win32.x86_64_17.0.7.v20230425-1502\jre\bin\server

VM Arguments:
jvm_args: -Dfile.encoding=UTF-8 -XX:+ShowCodeDetailsInExceptionMessages 
java_command: com.candella.utility.PaymentUtility
java_class_path (initial): C:\Users\shaba\eclipse-workspace\GYM_Pro_Mini_Project27072023\GMS_Mini_Project_27072023\bin;C:\Users\shaba\eclipse-workspace\GYM_Pro_Mini_Project27072023\GMS_Mini_Project_27072023\lib\mysql-connector-j-8.1.0.jar;C:\Users\shaba\eclipse-workspace\GYM_Pro_Mini_Project27072023\GMS_Mini_Project_27072023\lib\mchange-commons-java-0.2.11.jar;C:\Users\shaba\eclipse-workspace\GYM_Pro_Mini_Project27072023\GMS_Mini_Project_27072023\lib\c3p0-0.9.5.2.jar
Launcher Type: SUN_STANDARD

[Global flags]
     intx CICompilerCount                          = 3                                         {product} {ergonomic}
     uint ConcGCThreads                            = 1                                         {product} {ergonomic}
     uint G1ConcRefinementThreads                  = 4                                         {product} {ergonomic}
   size_t G1HeapRegionSize                         = 1048576                                   {product} {ergonomic}
    uintx GCDrainStackTargetSize                   = 64                                        {product} {ergonomic}
   size_t InitialHeapSize                          = 132120576                                 {product} {ergonomic}
   size_t MarkStackSize                            = 4194304                                   {product} {ergonomic}
   size_t MaxHeapSize                              = 2105540608                                {product} {ergonomic}
   size_t MinHeapDeltaBytes                        = 1048576                                   {product} {ergonomic}
   size_t MinHeapSize                              = 8388608                                   {product} {ergonomic}
    uintx NonNMethodCodeHeapSize                   = 5832780                                {pd product} {ergonomic}
    uintx NonProfiledCodeHeapSize                  = 122912730                              {pd product} {ergonomic}
    uintx ProfiledCodeHeapSize                     = 122912730                              {pd product} {ergonomic}
    uintx ReservedCodeCacheSize                    = 251658240                              {pd product} {ergonomic}
     bool SegmentedCodeCache                       = true                                      {product} {ergonomic}
     bool ShowCodeDetailsInExceptionMessages       = true                                   {manageable} {command line}
   size_t SoftMaxHeapSize                          = 2105540608                             {manageable} {ergonomic}
     bool UseCompressedClassPointers               = true                           {product lp64_product} {ergonomic}
     bool UseCompressedOops                        = true                           {product lp64_product} {ergonomic}
     bool UseG1GC                                  = true                                      {product} {ergonomic}
     bool UseLargePagesIndividualAllocation        = false                                  {pd product} {ergonomic}

Logging:
Log output configuration:
 #0: stdout all=warning uptime,level,tags
 #1: stderr all=off uptime,level,tags

Environment Variables:
PATH=C:/Users/shaba/.p2/pool/plugins/org.eclipse.justj.openjdk.hotspot.jre.full.win32.x86_64_17.0.7.v20230425-1502/jre/bin/server;C:/Users/shaba/.p2/pool/plugins/org.eclipse.justj.openjdk.hotspot.jre.full.win32.x86_64_17.0.7.v20230425-1502/jre/bin;C:\Program Files (x86)\Common Files\Oracle\Java\javapath;C:\WINDOWS\system32;C:\WINDOWS;C:\WINDOWS\System32\Wbem;C:\WINDOWS\System32\WindowsPowerShell\v1.0\;C:\WINDOWS\System32\OpenSSH\;C:\Program Files\Git\cmd;C:\Users\shaba\AppData\Local\Microsoft\WindowsApps;C:\Users\shaba\AppData\Local\GitHubDesktop\bin;C:\mingw64\bin;;C:\WINDOWS\system32;
USERNAME=shaba
OS=Windows_NT
PROCESSOR_IDENTIFIER=Intel64 Family 6 Model 142 Stepping 12, GenuineIntel
TMP=C:\Users\shaba\AppData\Local\Temp
TEMP=C:\Users\shaba\AppData\Local\Temp



---------------  S Y S T E M  ---------------

OS:
 Windows 11 , 64 bit Build 22621 (10.0.22621.1928)
OS uptime: 13 days 12:05 hours

CPU: total 4 (initial active 4) (2 cores per cpu, 2 threads per core) family 6 model 142 stepping 12 microcode 0xde, cx8, cmov, fxsr, ht, mmx, 3dnowpref, sse, sse2, sse3, ssse3, sse4.1, sse4.2, popcnt, lzcnt, tsc, tscinvbit, avx, avx2, aes, erms, clmul, bmi1, bmi2, adx, fma, vzeroupper, clflush, clflushopt

Memory: 4k page, system-wide physical 8025M (1174M free)
TotalPageFile size 23385M (AvailPageFile size 66M)
current process WorkingSet (physical memory assigned to process): 11M, peak: 11M
current process commit charge ("private bytes"): 51M, peak: 177M

vm_info: OpenJDK 64-Bit Server VM (17.0.7+7) for windows-amd64 JRE (17.0.7+7), built on Apr 18 2023 22:10:42 by "temurin" with MS VC++ 16.7 (VS2019)

END.
